<?xml version="1.0" encoding="UTF-8"?>
<!-- Generated by org.testng.reporters.JUnitReportReporter -->
<testsuite hostname="pravinp" failures="0" tests="3" name="com.spryhealth.assignment.testcases.IndianRailwayAutomation" time="34.459" errors="0" timestamp="2022-11-10T20:42:58 IST" skipped="0">
  <testcase classname="com.spryhealth.assignment.testcases.IndianRailwayAutomation" name="verifyValidFaretest" time="10.923"/>
  <system-out/>
  <testcase classname="com.spryhealth.assignment.testcases.IndianRailwayAutomation" name="scheduleTrainTest" time="10.456"/>
  <system-out/>
  <testcase classname="com.spryhealth.assignment.testcases.IndianRailwayAutomation" name="validatePNRTest" time="13.080"/>
  <system-out/>
</testsuite> <!-- com.spryhealth.assignment.testcases.IndianRailwayAutomation -->
